<?xml version="1.0" encoding="UTF-8"?>
<!-- Generated by org.testng.reporters.JUnitReportReporter -->
<testsuite skipped="0" hostname="Macs-MacBook-Pro.local" name="tests.cucumber.tests.RunCucumberFeatures" tests="2" failures="0" timestamp="20 Jan 2020 10:42:28 GMT" time="253.084" errors="0">
  <testcase name="scenario" time="127.952" classname="tests.cucumber.tests.RunCucumberFeatures"/>
  <testcase name="scenario" time="125.132" classname="tests.cucumber.tests.RunCucumberFeatures"/>
</testsuite> <!-- tests.cucumber.tests.RunCucumberFeatures -->
