<?xml version="1.0" encoding="UTF-8"?>
<!-- Generated by org.testng.reporters.JUnitReportReporter -->
<testsuite skipped="0" hostname="Macs-MacBook-Pro.local" name="tests.cucumber.tests.RunCucumberFeatures" tests="1" failures="0" timestamp="22 Jan 2020 01:23:23 GMT" time="82.550" errors="0">
  <testcase name="scenario" time="82.550" classname="tests.cucumber.tests.RunCucumberFeatures"/>
</testsuite> <!-- tests.cucumber.tests.RunCucumberFeatures -->
